<?xml version="1.0" encoding="UTF-8"?>
<testng-results ignored="0" total="1" passed="0" failed="1" skipped="0">
  <reporter-output>
  </reporter-output>
  <suite started-at="2023-04-16T17:23:29 IST" name="Suite" finished-at="2023-04-16T17:23:43 IST" duration-ms="14470">
    <groups>
    </groups>
    <test started-at="2023-04-16T17:23:29 IST" name="crossbrowsing" finished-at="2023-04-16T17:23:43 IST" duration-ms="14470">
      <class name="com.obsqura.testscripts.LoginTest">
        <test-method is-config="true" signature="initialiseBrowser(java.lang.String)[pri:0, instance:com.obsqura.testscripts.LoginTest@57a78e3]" started-at="2023-04-16T17:23:29 IST" name="initialiseBrowser" finished-at="2023-04-16T17:23:38 IST" duration-ms="8733" status="PASS">
          <params>
            <param index="0">
              <value>
                <![CDATA[chrome]]>
              </value>
            </param>
          </params>
          <reporter-output>
          </reporter-output>
        </test-method> <!-- initialiseBrowser -->
        <test-method signature="verifyingLoginPageWithValidUserNameAndInValidPassword()[pri:0, instance:com.obsqura.testscripts.LoginTest@57a78e3]" started-at="2023-04-16T17:23:38 IST" name="verifyingLoginPageWithValidUserNameAndInValidPassword" finished-at="2023-04-16T17:23:42 IST" duration-ms="3781" status="FAIL">
          <exception class="java.lang.AssertionError">
            <message>
              <![CDATA[Titles are not same expected [Login | 7rmart supermarket] but found [Dashboard | 7rmart supermarket]]]>
            </message>
            <full-stacktrace>
              <![CDATA[java.lang.AssertionError: Titles are not same expected [Login | 7rmart supermarket] but found [Dashboard | 7rmart supermarket]
at org.testng.Assert.fail(Assert.java:99)
at org.testng.Assert.failNotEquals(Assert.java:1037)
at org.testng.Assert.assertEqualsImpl(Assert.java:140)
at org.testng.Assert.assertEquals(Assert.java:122)
at org.testng.Assert.assertEquals(Assert.java:629)
at com.obsqura.testscripts.LoginTest.verifyingLoginPageWithValidUserNameAndInValidPassword(LoginTest.java:63)
at java.base/jdk.internal.reflect.NativeMethodAccessorImpl.invoke0(Native Method)
at java.base/jdk.internal.reflect.NativeMethodAccessorImpl.invoke(NativeMethodAccessorImpl.java:62)
at java.base/jdk.internal.reflect.DelegatingMethodAccessorImpl.invoke(DelegatingMethodAccessorImpl.java:43)
at java.base/java.lang.reflect.Method.invoke(Method.java:564)
at org.testng.internal.MethodInvocationHelper.invokeMethod(MethodInvocationHelper.java:133)
at org.testng.internal.TestInvoker.invokeMethod(TestInvoker.java:598)
at org.testng.internal.TestInvoker.invokeTestMethod(TestInvoker.java:173)
at org.testng.internal.MethodRunner.runInSequence(MethodRunner.java:46)
at org.testng.internal.TestInvoker$MethodInvocationAgent.invoke(TestInvoker.java:824)
at org.testng.internal.TestInvoker.invokeTestMethods(TestInvoker.java:146)
at org.testng.internal.TestMethodWorker.invokeTestMethods(TestMethodWorker.java:146)
at org.testng.internal.TestMethodWorker.run(TestMethodWorker.java:128)
at java.base/java.util.ArrayList.forEach(ArrayList.java:1511)
at org.testng.TestRunner.privateRun(TestRunner.java:794)
at org.testng.TestRunner.run(TestRunner.java:596)
at org.testng.SuiteRunner.runTest(SuiteRunner.java:377)
at org.testng.SuiteRunner.runSequentially(SuiteRunner.java:371)
at org.testng.SuiteRunner.privateRun(SuiteRunner.java:332)
at org.testng.SuiteRunner.run(SuiteRunner.java:276)
at org.testng.SuiteRunnerWorker.runSuite(SuiteRunnerWorker.java:53)
at org.testng.SuiteRunnerWorker.run(SuiteRunnerWorker.java:96)
at org.testng.TestNG.runSuitesSequentially(TestNG.java:1212)
at org.testng.TestNG.runSuitesLocally(TestNG.java:1134)
at org.testng.TestNG.runSuites(TestNG.java:1063)
at org.testng.TestNG.run(TestNG.java:1031)
at org.testng.remote.AbstractRemoteTestNG.run(AbstractRemoteTestNG.java:115)
at org.testng.remote.RemoteTestNG.initAndRun(RemoteTestNG.java:251)
at org.testng.remote.RemoteTestNG.main(RemoteTestNG.java:77)
]]>
            </full-stacktrace>
          </exception> <!-- java.lang.AssertionError -->
          <reporter-output>
          </reporter-output>
        </test-method> <!-- verifyingLoginPageWithValidUserNameAndInValidPassword -->
        <test-method is-config="true" signature="browserQuit(org.testng.ITestResult)[pri:0, instance:com.obsqura.testscripts.LoginTest@57a78e3]" started-at="2023-04-16T17:23:42 IST" name="browserQuit" finished-at="2023-04-16T17:23:43 IST" duration-ms="1825" status="PASS">
          <params>
            <param index="0">
              <value>
                <![CDATA[[TestResult name=verifyingLoginPageWithValidUserNameAndInValidPassword status=FAILURE method=LoginTest.verifyingLoginPageWithValidUserNameAndInValidPassword()[pri:0, instance:com.obsqura.testscripts.LoginTest@57a78e3] output={null}]]]>
              </value>
            </param>
          </params>
          <reporter-output>
          </reporter-output>
        </test-method> <!-- browserQuit -->
      </class> <!-- com.obsqura.testscripts.LoginTest -->
    </test> <!-- crossbrowsing -->
  </suite> <!-- Suite -->
</testng-results>
